<?xml version="1.0" encoding="UTF-8"?>
<!-- Generated by org.testng.reporters.JUnitReportReporter -->
<testsuite hostname="DESKTOP-OR6T4EF" failures="0" tests="4" name="Tests.SubmitOrderTest" time="46.404" errors="0" timestamp="2022-09-22T16:15:11 CEST" skipped="0">
  <testcase classname="Tests.SubmitOrderTest" name="orderHistoryTest" time="5.415"/>
  <system-out/>
  <testcase classname="Tests.SubmitOrderTest" name="submitOrder" time="18.239"/>
  <system-out/>
  <testcase classname="Tests.SubmitOrderTest" name="orderHistoryTest" time="3.888"/>
  <system-out/>
  <testcase classname="Tests.SubmitOrderTest" name="submitOrder" time="18.862"/>
  <system-out/>
</testsuite> <!-- Tests.SubmitOrderTest -->
